Creado el 03-05-2024 - 05:32:44

Id: 360
Password: sUvmU
Nombre: q 1 sd
Direcci涌쪑: Nimbus 104
Tel涌쪉ono: 4425836847
E-mail: jony.nim@gmail.com
Escolaridad: Bachillerato
Instituci涌쪑: Administraci칩n (DAP) (39)
Carrera: Soft
Semestre: 3
Documentaci涌쪑: Incompleta

Usuario que agrega el alumno: BetoS
_________________________________________
03-05-2024 - 05:32:44 ----- Creado el 06-05-2024 - 22:06:03

Id: 360
Password: Wzsjz
Nombre: Mario Alberto Hern치ndez Salinas
Direcci涌쪑: Paseo de la pir치mide del Pueblito #491 Int. #31, unit
Tel涌쪉ono: 4428013459
E-mail: betohdzsalinas86@gmail.com
Escolaridad: Bachillerato
Instituci涌쪑: Instituto Cambridge de Quer칠taro (40)
Carrera: Programaci칩n
Semestre: 6
Documentaci涌쪑: Completa

Usuario que agrega el alumno: BetoS
_________________________________________
06-05-2024 - 22:06:03 ----- 
_________________________________________
Se actualiza proyecto (else) %2024-%05-%06 - 22:08:39

Proyecto: Desarrollo de Sistemas (30)
Fecha de inicio: 2023-11-15
Fecha termino: 2024-05-15
Tipo de servicio: Servicio social
Tipo de horas: 1
Jefe directo: M.G.T.I Antonio Ledesma
Horas a realizar: 480
Usuario que asigna el proyecto: BetoS
_________________________________________
_________________________________________
Se actualiza horario 06-05-2024 - 22:09:59

Lunes: '13:30:00' - '19:30:00'
Martes: '13:30:00' - '19:30:00'
Mi本coles: '13:30:00' - '19:30:00'
Jueves: '13:30:00' - '19:30:00'
Viernes: '13:30:00' - '19:30:00'
S庚ado: '09:00:00' - '15:00:00'
Domingo: NULL - NULL
Usuario que actualiza el horario: BetoS
_________________________________________Creado el 27-05-2024 - 21:30:42

Id: 360
Password: HQb2j
Nombre: Laura Martinez Martinez
Direcci涌쪑: Paseo de la pir치mide del Pueblito #491 Int. #31
Tel涌쪉ono: 5525221423
E-mail: betohdzsalinas86@gmail.com
Escolaridad: Bachillerato
Instituci涌쪑: Administraci칩n (DAP) (39)
Carrera: Programaci칩n
Semestre: 6
Documentaci涌쪑: Completa

Usuario que agrega el alumno: BetoS
_________________________________________
27-05-2024 - 21:30:42 ----- Creado el 28-05-2024 - 01:13:14

Id: 360
Password: xbrlg
Nombre: francisco gonzalez ramones
Direcci涌쪑: sdmas
Tel涌쪉ono: 55151424
E-mail: algo.ejemplo@gmail.com
Escolaridad: Bachillerato
Instituci涌쪑: Administraci칩n (DAP) (39)
Carrera: dsadsad
Semestre: 6
Documentaci涌쪑: Completa

Usuario que agrega el alumno: BetoS
_________________________________________
28-05-2024 - 01:13:14 ----- 
_________________________________________
Se elimina alumno 28-05-2024 - 01:14:02

Usuario que elimina al alumno: BetoS
_________________________________________